<?xml version="1.0" encoding="UTF-8"?>
<!-- Generated by org.testng.reporters.JUnitReportReporter -->
<testsuite hostname="Asam" failures="0" tests="1" name="testCases.TC_01_Register_DataDrivenTesting" time="10.692" errors="0" timestamp="2024-09-16T21:19:36 IST" skipped="0">
  <testcase classname="testCases.TC_01_Register_DataDrivenTesting" name="registration" time="10.692"/>
</testsuite> <!-- testCases.TC_01_Register_DataDrivenTesting -->
