<?xml version="1.0" encoding="UTF-8"?>
<!-- Generated by org.testng.reporters.JUnitReportReporter -->
<testsuite hostname="Asam" failures="0" tests="1" name="testCases.MouseEvents" time="3.458" errors="0" timestamp="2024-09-16T21:46:57 IST" skipped="0">
  <testcase classname="testCases.MouseEvents" name="doubleClickOnTestCases" time="3.458"/>
</testsuite> <!-- testCases.MouseEvents -->
